[2019-07-21 01:53:11.345] [exthost] [info] extension host started
[2019-07-21 01:53:11.372] [exthost] [info] ExtensionService#_doActivateExtension vscode.debug-auto-launch {"startup":true,"activationEvent":"*"}
[2019-07-21 01:53:11.372] [exthost] [info] ExtensionService#loadCommonJSModule /snap/code/11/usr/share/code/resources/app/extensions/debug-auto-launch/dist/extension
[2019-07-21 01:53:11.377] [exthost] [info] ExtensionService#_doActivateExtension vscode.emmet {"startup":true,"activationEvent":"*"}
[2019-07-21 01:53:11.377] [exthost] [info] ExtensionService#loadCommonJSModule /snap/code/11/usr/share/code/resources/app/extensions/emmet/dist/extension
[2019-07-21 01:53:11.405] [exthost] [info] ExtensionService#_doActivateExtension vscode.git {"startup":true,"activationEvent":"*"}
[2019-07-21 01:53:11.405] [exthost] [info] ExtensionService#loadCommonJSModule /snap/code/11/usr/share/code/resources/app/extensions/git/dist/main
[2019-07-21 01:53:11.576] [exthost] [info] ExtensionService#_doActivateExtension vscode.merge-conflict {"startup":true,"activationEvent":"*"}
[2019-07-21 01:53:11.576] [exthost] [info] ExtensionService#loadCommonJSModule /snap/code/11/usr/share/code/resources/app/extensions/merge-conflict/dist/extension
[2019-07-21 01:53:11.585] [exthost] [info] eager extensions activated
[2019-07-21 01:53:32.309] [exthost] [info] extension host started
[2019-07-21 01:53:32.322] [exthost] [info] ExtensionService#_doActivateExtension vscode.debug-auto-launch {"startup":true,"activationEvent":"*"}
[2019-07-21 01:53:32.322] [exthost] [info] ExtensionService#loadCommonJSModule /snap/code/11/usr/share/code/resources/app/extensions/debug-auto-launch/dist/extension
[2019-07-21 01:53:32.325] [exthost] [info] ExtensionService#_doActivateExtension vscode.emmet {"startup":true,"activationEvent":"*"}
[2019-07-21 01:53:32.325] [exthost] [info] ExtensionService#loadCommonJSModule /snap/code/11/usr/share/code/resources/app/extensions/emmet/dist/extension
[2019-07-21 01:53:32.343] [exthost] [info] ExtensionService#_doActivateExtension vscode.git {"startup":true,"activationEvent":"*"}
[2019-07-21 01:53:32.343] [exthost] [info] ExtensionService#loadCommonJSModule /snap/code/11/usr/share/code/resources/app/extensions/git/dist/main
[2019-07-21 01:53:32.483] [exthost] [info] ExtensionService#_doActivateExtension vscode.merge-conflict {"startup":true,"activationEvent":"*"}
[2019-07-21 01:53:32.484] [exthost] [info] ExtensionService#loadCommonJSModule /snap/code/11/usr/share/code/resources/app/extensions/merge-conflict/dist/extension
[2019-07-21 01:53:32.494] [exthost] [info] eager extensions activated
